W0421 14:29:34.651000 140007392974016 torch/distributed/run.py:779] 
W0421 14:29:34.651000 140007392974016 torch/distributed/run.py:779] *****************************************
W0421 14:29:34.651000 140007392974016 torch/distributed/run.py:779] Setting OMP_NUM_THREADS environment variable for each process to be 1 in default, to avoid your system being overloaded, please further tune the variable for optimal performance in your application as needed. 
W0421 14:29:34.651000 140007392974016 torch/distributed/run.py:779] *****************************************
When using FSDP full shard, instead of using `gradient_checkpointing` in TrainingArguments, please use `activation_checkpointing` in `fsdp_config`. The former introduces a redundant AllGather operation in backward pass. Reference: https://github.com/huggingface/transformers/issues/30404
Loading checkpoint shards:   0%|          | 0/2 [00:00<?, ?it/s]When using FSDP full shard, instead of using `gradient_checkpointing` in TrainingArguments, please use `activation_checkpointing` in `fsdp_config`. The former introduces a redundant AllGather operation in backward pass. Reference: https://github.com/huggingface/transformers/issues/30404
When using FSDP full shard, instead of using `gradient_checkpointing` in TrainingArguments, please use `activation_checkpointing` in `fsdp_config`. The former introduces a redundant AllGather operation in backward pass. Reference: https://github.com/huggingface/transformers/issues/30404
When using FSDP full shard, instead of using `gradient_checkpointing` in TrainingArguments, please use `activation_checkpointing` in `fsdp_config`. The former introduces a redundant AllGather operation in backward pass. Reference: https://github.com/huggingface/transformers/issues/30404
Loading checkpoint shards:   0%|          | 0/2 [00:00<?, ?it/s]Loading checkpoint shards:   0%|          | 0/2 [00:00<?, ?it/s]Loading checkpoint shards:   0%|          | 0/2 [00:00<?, ?it/s]Loading checkpoint shards:  50%|█████     | 1/2 [00:09<00:09,  9.45s/it]Loading checkpoint shards:  50%|█████     | 1/2 [00:09<00:09,  9.34s/it]Loading checkpoint shards:  50%|█████     | 1/2 [00:09<00:09,  9.35s/it]Loading checkpoint shards:  50%|█████     | 1/2 [00:10<00:10, 10.11s/it]Loading checkpoint shards: 100%|██████████| 2/2 [00:13<00:00,  6.02s/it]Loading checkpoint shards: 100%|██████████| 2/2 [00:13<00:00,  6.53s/it]
Loading checkpoint shards: 100%|██████████| 2/2 [00:12<00:00,  5.94s/it]Loading checkpoint shards: 100%|██████████| 2/2 [00:12<00:00,  6.45s/it]
Loading checkpoint shards: 100%|██████████| 2/2 [00:12<00:00,  5.95s/it]Loading checkpoint shards: 100%|██████████| 2/2 [00:12<00:00,  6.46s/it]
Loading checkpoint shards: 100%|██████████| 2/2 [00:13<00:00,  6.37s/it]Loading checkpoint shards: 100%|██████████| 2/2 [00:13<00:00,  6.93s/it]
# of new special tokens: 15
# of new special tokens: 15
# of new special tokens: 15
# of new special tokens: 15
WARNING:root:Loading data...
WARNING:root:Loading data...
WARNING:root:Loading data...
WARNING:root:Loading data...
WARNING:root:Formatting inputs...
WARNING:root:Tokenizing inputs... This may take some time...
WARNING:root:Formatting inputs...
WARNING:root:Formatting inputs...
WARNING:root:Tokenizing inputs... This may take some time...
WARNING:root:Formatting inputs...
WARNING:root:Tokenizing inputs... This may take some time...
WARNING:root:Tokenizing inputs... This may take some time...
WARNING:accelerate.utils.other:Detected kernel version 5.4.0, which is below the recommended minimum of 5.5.0; this can cause the process to hang. It is recommended to upgrade the kernel to the minimum version or higher.
[2026-04-21 14:30:45,979] [INFO] [real_accelerator.py:203:get_accelerator] Setting ds_accelerator to cuda (auto detect)
[2026-04-21 14:30:45,979] [INFO] [real_accelerator.py:203:get_accelerator] Setting ds_accelerator to cuda (auto detect)
[2026-04-21 14:30:45,979] [INFO] [real_accelerator.py:203:get_accelerator] Setting ds_accelerator to cuda (auto detect)
[2026-04-21 14:30:45,979] [INFO] [real_accelerator.py:203:get_accelerator] Setting ds_accelerator to cuda (auto detect)
[93m [WARNING] [0m async_io requires the dev libaio .so object and headers but these were not found.
[93m [WARNING] [0m async_io requires the dev libaio .so object and headers but these were not found.
[93m [WARNING] [0m async_io requires the dev libaio .so object and headers but these were not found.
[93m [WARNING] [0m async_io requires the dev libaio .so object and headers but these were not found.
[93m [WARNING] [0m async_io: please install the libaio-dev package with apt
[93m [WARNING] [0m If libaio is already installed (perhaps from source), try setting the CFLAGS and LDFLAGS environment variables to where it can be found.
[93m [WARNING] [0m Please specify the CUTLASS repo directory as environment variable $CUTLASS_PATH
[93m [WARNING] [0m async_io: please install the libaio-dev package with apt
[93m [WARNING] [0m If libaio is already installed (perhaps from source), try setting the CFLAGS and LDFLAGS environment variables to where it can be found.
[93m [WARNING] [0m Please specify the CUTLASS repo directory as environment variable $CUTLASS_PATH
[93m [WARNING] [0m async_io: please install the libaio-dev package with apt
[93m [WARNING] [0m If libaio is already installed (perhaps from source), try setting the CFLAGS and LDFLAGS environment variables to where it can be found.
[93m [WARNING] [0m Please specify the CUTLASS repo directory as environment variable $CUTLASS_PATH
[93m [WARNING] [0m async_io: please install the libaio-dev package with apt
[93m [WARNING] [0m If libaio is already installed (perhaps from source), try setting the CFLAGS and LDFLAGS environment variables to where it can be found.
[93m [WARNING] [0m Please specify the CUTLASS repo directory as environment variable $CUTLASS_PATH
[93m [WARNING] [0m sparse_attn requires a torch version >= 1.5 and < 2.0 but detected 2.4
[93m [WARNING] [0m using untested triton version (3.0.0), only 1.0.0 is known to be compatible
[93m [WARNING] [0m sparse_attn requires a torch version >= 1.5 and < 2.0 but detected 2.4
[93m [WARNING] [0m using untested triton version (3.0.0), only 1.0.0 is known to be compatible
[93m [WARNING] [0m sparse_attn requires a torch version >= 1.5 and < 2.0 but detected 2.4
[93m [WARNING] [0m using untested triton version (3.0.0), only 1.0.0 is known to be compatible
[93m [WARNING] [0m sparse_attn requires a torch version >= 1.5 and < 2.0 but detected 2.4
[93m [WARNING] [0m using untested triton version (3.0.0), only 1.0.0 is known to be compatible
/NAS/yesh/NLP/.conda/selfrag/lib/python3.10/site-packages/deepspeed/runtime/zero/linear.py:49: FutureWarning: `torch.cuda.amp.custom_fwd(args...)` is deprecated. Please use `torch.amp.custom_fwd(args..., device_type='cuda')` instead.
  def forward(ctx, input, weight, bias=None):
/NAS/yesh/NLP/.conda/selfrag/lib/python3.10/site-packages/deepspeed/runtime/zero/linear.py:67: FutureWarning: `torch.cuda.amp.custom_bwd(args...)` is deprecated. Please use `torch.amp.custom_bwd(args..., device_type='cuda')` instead.
  def backward(ctx, grad_output):
/NAS/yesh/NLP/.conda/selfrag/lib/python3.10/site-packages/deepspeed/runtime/zero/linear.py:49: FutureWarning: `torch.cuda.amp.custom_fwd(args...)` is deprecated. Please use `torch.amp.custom_fwd(args..., device_type='cuda')` instead.
  def forward(ctx, input, weight, bias=None):
/NAS/yesh/NLP/.conda/selfrag/lib/python3.10/site-packages/deepspeed/runtime/zero/linear.py:49: FutureWarning: `torch.cuda.amp.custom_fwd(args...)` is deprecated. Please use `torch.amp.custom_fwd(args..., device_type='cuda')` instead.
  def forward(ctx, input, weight, bias=None):
/NAS/yesh/NLP/.conda/selfrag/lib/python3.10/site-packages/deepspeed/runtime/zero/linear.py:67: FutureWarning: `torch.cuda.amp.custom_bwd(args...)` is deprecated. Please use `torch.amp.custom_bwd(args..., device_type='cuda')` instead.
  def backward(ctx, grad_output):
/NAS/yesh/NLP/.conda/selfrag/lib/python3.10/site-packages/deepspeed/runtime/zero/linear.py:67: FutureWarning: `torch.cuda.amp.custom_bwd(args...)` is deprecated. Please use `torch.amp.custom_bwd(args..., device_type='cuda')` instead.
  def backward(ctx, grad_output):
/NAS/yesh/NLP/.conda/selfrag/lib/python3.10/site-packages/deepspeed/runtime/zero/linear.py:49: FutureWarning: `torch.cuda.amp.custom_fwd(args...)` is deprecated. Please use `torch.amp.custom_fwd(args..., device_type='cuda')` instead.
  def forward(ctx, input, weight, bias=None):
/NAS/yesh/NLP/.conda/selfrag/lib/python3.10/site-packages/deepspeed/runtime/zero/linear.py:67: FutureWarning: `torch.cuda.amp.custom_bwd(args...)` is deprecated. Please use `torch.amp.custom_bwd(args..., device_type='cuda')` instead.
  def backward(ctx, grad_output):
`use_cache=True` is incompatible with gradient checkpointing. Setting `use_cache=False`.
`use_cache=True` is incompatible with gradient checkpointing. Setting `use_cache=False`.
`use_cache=True` is incompatible with gradient checkpointing. Setting `use_cache=False`.
  0%|          | 0/6 [00:00<?, ?it/s]`use_cache=True` is incompatible with gradient checkpointing. Setting `use_cache=False`.
/NAS/yesh/NLP/.conda/selfrag/lib/python3.10/site-packages/torch/_dynamo/eval_frame.py:600: UserWarning: torch.utils.checkpoint: the use_reentrant parameter should be passed explicitly. In version 2.4 we will raise an exception if use_reentrant is not passed. use_reentrant=False is recommended, but if you need to preserve the current default behavior, you can pass use_reentrant=True. Refer to docs for more details on the differences between the two variants.
  return fn(*args, **kwargs)
/NAS/yesh/NLP/.conda/selfrag/lib/python3.10/site-packages/torch/_dynamo/eval_frame.py:600: UserWarning: torch.utils.checkpoint: the use_reentrant parameter should be passed explicitly. In version 2.4 we will raise an exception if use_reentrant is not passed. use_reentrant=False is recommended, but if you need to preserve the current default behavior, you can pass use_reentrant=True. Refer to docs for more details on the differences between the two variants.
  return fn(*args, **kwargs)
/NAS/yesh/NLP/.conda/selfrag/lib/python3.10/site-packages/torch/_dynamo/eval_frame.py:600: UserWarning: torch.utils.checkpoint: the use_reentrant parameter should be passed explicitly. In version 2.4 we will raise an exception if use_reentrant is not passed. use_reentrant=False is recommended, but if you need to preserve the current default behavior, you can pass use_reentrant=True. Refer to docs for more details on the differences between the two variants.
  return fn(*args, **kwargs)
/NAS/yesh/NLP/.conda/selfrag/lib/python3.10/site-packages/torch/_dynamo/eval_frame.py:600: UserWarning: torch.utils.checkpoint: the use_reentrant parameter should be passed explicitly. In version 2.4 we will raise an exception if use_reentrant is not passed. use_reentrant=False is recommended, but if you need to preserve the current default behavior, you can pass use_reentrant=True. Refer to docs for more details on the differences between the two variants.
  return fn(*args, **kwargs)
/NAS/yesh/NLP/.conda/selfrag/lib/python3.10/site-packages/torch/utils/checkpoint.py:295: FutureWarning: `torch.cpu.amp.autocast(args...)` is deprecated. Please use `torch.amp.autocast('cpu', args...)` instead.
  with torch.enable_grad(), device_autocast_ctx, torch.cpu.amp.autocast(**ctx.cpu_autocast_kwargs):  # type: ignore[attr-defined]
/NAS/yesh/NLP/.conda/selfrag/lib/python3.10/site-packages/torch/utils/checkpoint.py:295: FutureWarning: `torch.cpu.amp.autocast(args...)` is deprecated. Please use `torch.amp.autocast('cpu', args...)` instead.
  with torch.enable_grad(), device_autocast_ctx, torch.cpu.amp.autocast(**ctx.cpu_autocast_kwargs):  # type: ignore[attr-defined]
/NAS/yesh/NLP/.conda/selfrag/lib/python3.10/site-packages/torch/utils/checkpoint.py:295: FutureWarning: `torch.cpu.amp.autocast(args...)` is deprecated. Please use `torch.amp.autocast('cpu', args...)` instead.
  with torch.enable_grad(), device_autocast_ctx, torch.cpu.amp.autocast(**ctx.cpu_autocast_kwargs):  # type: ignore[attr-defined]
/NAS/yesh/NLP/.conda/selfrag/lib/python3.10/site-packages/torch/utils/checkpoint.py:295: FutureWarning: `torch.cpu.amp.autocast(args...)` is deprecated. Please use `torch.amp.autocast('cpu', args...)` instead.
  with torch.enable_grad(), device_autocast_ctx, torch.cpu.amp.autocast(**ctx.cpu_autocast_kwargs):  # type: ignore[attr-defined]
 17%|█▋        | 1/6 [00:53<04:26, 53.31s/it][rank3]: Traceback (most recent call last):
[rank3]:   File "/NAS/yesh/NLP/self-rag/data_creation/train_special_tokens.py", line 362, in <module>
[rank3]:     train()
[rank3]:   File "/NAS/yesh/NLP/self-rag/data_creation/train_special_tokens.py", line 356, in train
[rank3]:     trainer.train()
[rank3]:   File "/NAS/yesh/NLP/.conda/selfrag/lib/python3.10/site-packages/transformers/trainer.py", line 1948, in train
[rank3]:     return inner_training_loop(
[rank3]:   File "/NAS/yesh/NLP/.conda/selfrag/lib/python3.10/site-packages/transformers/trainer.py", line 2289, in _inner_training_loop
[rank3]:     tr_loss_step = self.training_step(model, inputs)
[rank3]:   File "/NAS/yesh/NLP/.conda/selfrag/lib/python3.10/site-packages/transformers/trainer.py", line 3359, in training_step
[rank3]:     self.accelerator.backward(loss, **kwargs)
[rank3]:   File "/NAS/yesh/NLP/.conda/selfrag/lib/python3.10/site-packages/accelerate/accelerator.py", line 2159, in backward
[rank3]:     loss.backward(**kwargs)
[rank3]:   File "/NAS/yesh/NLP/.conda/selfrag/lib/python3.10/site-packages/torch/_tensor.py", line 521, in backward
[rank3]:     torch.autograd.backward(
[rank3]:   File "/NAS/yesh/NLP/.conda/selfrag/lib/python3.10/site-packages/torch/autograd/__init__.py", line 289, in backward
[rank3]:     _engine_run_backward(
[rank3]:   File "/NAS/yesh/NLP/.conda/selfrag/lib/python3.10/site-packages/torch/autograd/graph.py", line 768, in _engine_run_backward
[rank3]:     return Variable._execution_engine.run_backward(  # Calls into the C++ engine to run the backward pass
[rank3]:   File "/NAS/yesh/NLP/.conda/selfrag/lib/python3.10/site-packages/torch/autograd/function.py", line 306, in apply
[rank3]:     return user_fn(self, *args)
[rank3]:   File "/NAS/yesh/NLP/.conda/selfrag/lib/python3.10/site-packages/torch/utils/checkpoint.py", line 313, in backward
[rank3]:     torch.autograd.backward(outputs_with_grad, args_with_grad)
[rank3]:   File "/NAS/yesh/NLP/.conda/selfrag/lib/python3.10/site-packages/torch/autograd/__init__.py", line 289, in backward
[rank3]:     _engine_run_backward(
[rank3]:   File "/NAS/yesh/NLP/.conda/selfrag/lib/python3.10/site-packages/torch/autograd/graph.py", line 768, in _engine_run_backward
[rank3]:     return Variable._execution_engine.run_backward(  # Calls into the C++ engine to run the backward pass
[rank3]: torch.OutOfMemoryError: CUDA out of memory. Tried to allocate 388.00 MiB. GPU 3 has a total capacity of 44.35 GiB of which 340.12 MiB is free. Process 204825 has 20.24 GiB memory in use. Including non-PyTorch memory, this process has 23.76 GiB memory in use. Of the allocated memory 23.16 GiB is allocated by PyTorch, and 166.70 MiB is reserved by PyTorch but unallocated. If reserved but unallocated memory is large try setting PYTORCH_CUDA_ALLOC_CONF=expandable_segments:True to avoid fragmentation.  See documentation for Memory Management  (https://pytorch.org/docs/stable/notes/cuda.html#environment-variables)
W0421 14:32:16.056000 140007392974016 torch/distributed/elastic/multiprocessing/api.py:858] Sending process 395504 closing signal SIGTERM
W0421 14:32:16.057000 140007392974016 torch/distributed/elastic/multiprocessing/api.py:858] Sending process 395505 closing signal SIGTERM
W0421 14:32:16.057000 140007392974016 torch/distributed/elastic/multiprocessing/api.py:858] Sending process 395506 closing signal SIGTERM
E0421 14:32:16.651000 140007392974016 torch/distributed/elastic/multiprocessing/api.py:833] failed (exitcode: 1) local_rank: 3 (pid: 395507) of binary: /NAS/yesh/NLP/.conda/selfrag/bin/python3.10
Traceback (most recent call last):
  File "/NAS/yesh/NLP/.conda/selfrag/bin/torchrun", line 6, in <module>
    sys.exit(main())
  File "/NAS/yesh/NLP/.conda/selfrag/lib/python3.10/site-packages/torch/distributed/elastic/multiprocessing/errors/__init__.py", line 348, in wrapper
    return f(*args, **kwargs)
  File "/NAS/yesh/NLP/.conda/selfrag/lib/python3.10/site-packages/torch/distributed/run.py", line 901, in main
    run(args)
  File "/NAS/yesh/NLP/.conda/selfrag/lib/python3.10/site-packages/torch/distributed/run.py", line 892, in run
    elastic_launch(
  File "/NAS/yesh/NLP/.conda/selfrag/lib/python3.10/site-packages/torch/distributed/launcher/api.py", line 133, in __call__
    return launch_agent(self._config, self._entrypoint, list(args))
  File "/NAS/yesh/NLP/.conda/selfrag/lib/python3.10/site-packages/torch/distributed/launcher/api.py", line 264, in launch_agent
    raise ChildFailedError(
torch.distributed.elastic.multiprocessing.errors.ChildFailedError: 
============================================================
self-rag/data_creation/train_special_tokens.py FAILED
------------------------------------------------------------
Failures:
  <NO_OTHER_FAILURES>
------------------------------------------------------------
Root Cause (first observed failure):
[0]:
  time      : 2026-04-21_14:32:16
  host      : Tang2
  rank      : 3 (local_rank: 3)
  exitcode  : 1 (pid: 395507)
  error_file: <N/A>
  traceback : To enable traceback see: https://pytorch.org/docs/stable/elastic/errors.html
============================================================
